  main.cpp
main.obj : error LNK2019: unresolved external symbol "__declspec(dllimport) public: __thiscall sf::String::String(char const *,class std::locale const &)" (__imp_??0String@sf@@QAE@PBDABVlocale@std@@@Z) referenced in function _main
main.obj : error LNK2019: unresolved external symbol "__declspec(dllimport) public: __thiscall sf::String::~String(void)" (__imp_??1String@sf@@QAE@XZ) referenced in function _main
main.obj : error LNK2019: unresolved external symbol "__declspec(dllimport) public: __thiscall sf::VideoMode::VideoMode(unsigned int,unsigned int,unsigned int)" (__imp_??0VideoMode@sf@@QAE@III@Z) referenced in function _main
main.obj : error LNK2019: unresolved external symbol "__declspec(dllimport) public: __thiscall sf::Window::Window(class sf::VideoMode,class sf::String const &,unsigned int,struct sf::ContextSettings const &)" (__imp_??0Window@sf@@QAE@VVideoMode@1@ABVString@1@IABUContextSettings@1@@Z) referenced in function _main
main.obj : error LNK2019: unresolved external symbol "__declspec(dllimport) public: virtual __thiscall sf::Window::~Window(void)" (__imp_??1Window@sf@@UAE@XZ) referenced in function _main
main.obj : error LNK2019: unresolved external symbol "__declspec(dllimport) public: void __thiscall sf::Window::close(void)" (__imp_?close@Window@sf@@QAEXXZ) referenced in function _main
main.obj : error LNK2019: unresolved external symbol "__declspec(dllimport) public: bool __thiscall sf::Window::isOpen(void)const " (__imp_?isOpen@Window@sf@@QBE_NXZ) referenced in function _main
main.obj : error LNK2019: unresolved external symbol "__declspec(dllimport) public: bool __thiscall sf::Window::pollEvent(class sf::Event &)" (__imp_?pollEvent@Window@sf@@QAE_NAAVEvent@2@@Z) referenced in function _main
D:\Libraries\SFML-2.4.2\lib\sfml-window-d.lib : warning LNK4272: library machine type 'x64' conflicts with target machine type 'x86'
D:\Libraries\SFML-2.4.2\lib\sfml-graphics-d.lib : warning LNK4272: library machine type 'x64' conflicts with target machine type 'x86'
D:\Libraries\SFML-2.4.2\lib\sfml-system-d.lib : warning LNK4272: library machine type 'x64' conflicts with target machine type 'x86'
D:\Libraries\SFML-2.4.2\lib\freetype.lib : warning LNK4272: library machine type 'x64' conflicts with target machine type 'x86'
D:\Libraries\SFML-2.4.2\lib\jpeg.lib : warning LNK4272: library machine type 'x64' conflicts with target machine type 'x86'
D:\Libraries\SFML-2.4.2\lib\vorbis.lib : warning LNK4272: library machine type 'x64' conflicts with target machine type 'x86'
D:\Libraries\SFML-2.4.2\lib\vorbisenc.lib : warning LNK4272: library machine type 'x64' conflicts with target machine type 'x86'
D:\Libraries\SFML-2.4.2\lib\vorbisfile.lib : warning LNK4272: library machine type 'x64' conflicts with target machine type 'x86'
D:\Libraries\SFML-2.4.2\lib\openal32.lib : warning LNK4272: library machine type 'x64' conflicts with target machine type 'x86'
D:\Libraries\SFML-2.4.2\lib\sfml-audio-d.lib : warning LNK4272: library machine type 'x64' conflicts with target machine type 'x86'
D:\Libraries\SFML-2.4.2\lib\flac.lib : warning LNK4272: library machine type 'x64' conflicts with target machine type 'x86'
D:\Libraries\SFML-2.4.2\lib\ogg.lib : warning LNK4272: library machine type 'x64' conflicts with target machine type 'x86'
D:\GIT Project\2D-Game-PlayGround\2DGamePlayground\Debug\2DGamePlayground.exe : fatal error LNK1120: 8 unresolved externals
